# JRE version: OpenJDK Runtime Environment (8.0_131-b11) (build 1.8.0_131-8u131-b11-2ubuntu1.16.04.3-b11)
# Java VM: OpenJDK 64-Bit Server VM (25.131-b11 mixed mode linux-amd64 compressed oops)
Heap:
 PSYoungGen      total 206848K, used 94875K [0x00000000ec380000, 0x0000000100000000, 0x0000000100000000)
  eden space 108032K, 0% used [0x00000000ec380000,0x00000000ec380000,0x00000000f2d00000)
  from space 98816K, 96% used [0x00000000f9f80000,0x00000000ffc26de0,0x0000000100000000)
  to   space 108032K, 0% used [0x00000000f2d00000,0x00000000f2d00000,0x00000000f9680000)
 ParOldGen       total 117248K, used 108788K [0x00000000c4a00000, 0x00000000cbc80000, 0x00000000ec380000)
  object space 117248K, 92% used [0x00000000c4a00000,0x00000000cb43d2c0,0x00000000cbc80000)
 Metaspace       used 2588K, capacity 4490K, committed 4864K, reserved 1056768K
  class space    used 271K, capacity 386K, committed 512K, reserved 1048576K
GC Heap History (10 events):
Event: 4.754 GC heap after
Heap after GC invocations=10 (full 2):
 PSYoungGen      total 156160K, used 38877K [0x00000000ec380000, 0x00000000fcf80000, 0x0000000100000000)
  eden space 117248K, 0% used [0x00000000ec380000,0x00000000ec380000,0x00000000f3600000)
  from space 38912K, 99% used [0x00000000f6880000,0x00000000f8e775f0,0x00000000f8e80000)
  to   space 51712K, 0% used [0x00000000f3600000,0x00000000f3600000,0x00000000f6880000)
 ParOldGen       total 117248K, used 54260K [0x00000000c4a00000, 0x00000000cbc80000, 0x00000000ec380000)
  object space 117248K, 46% used [0x00000000c4a00000,0x00000000c7efd0e0,0x00000000cbc80000)
 Metaspace       used 2588K, capacity 4490K, committed 4864K, reserved 1056768K
  class space    used 271K, capacity 386K, committed 512K, reserved 1048576K
}
Event: 4.862 GC heap before
{Heap before GC invocations=11 (full 2):
 PSYoungGen      total 156160K, used 156125K [0x00000000ec380000, 0x00000000fcf80000, 0x0000000100000000)
  eden space 117248K, 100% used [0x00000000ec380000,0x00000000f3600000,0x00000000f3600000)
  from space 38912K, 99% used [0x00000000f6880000,0x00000000f8e775f0,0x00000000f8e80000)
  to   space 51712K, 0% used [0x00000000f3600000,0x00000000f3600000,0x00000000f6880000)
 ParOldGen       total 117248K, used 54260K [0x00000000c4a00000, 0x00000000cbc80000, 0x00000000ec380000)
  object space 117248K, 46% used [0x00000000c4a00000,0x00000000c7efd0e0,0x00000000cbc80000)
 Metaspace       used 2588K, capacity 4490K, committed 4864K, reserved 1056768K
  class space    used 271K, capacity 386K, committed 512K, reserved 1048576K
Event: 5.080 GC heap after
Heap after GC invocations=11 (full 2):
 PSYoungGen      total 168960K, used 51684K [0x00000000ec380000, 0x00000000fd080000, 0x0000000100000000)
  eden space 117248K, 0% used [0x00000000ec380000,0x00000000ec380000,0x00000000f3600000)
  from space 51712K, 99% used [0x00000000f3600000,0x00000000f68792f0,0x00000000f6880000)
  to   space 65024K, 0% used [0x00000000f9100000,0x00000000f9100000,0x00000000fd080000)
 ParOldGen       total 117248K, used 64948K [0x00000000c4a00000, 0x00000000cbc80000, 0x00000000ec380000)
  object space 117248K, 55% used [0x00000000c4a00000,0x00000000c896d0e0,0x00000000cbc80000)
 Metaspace       used 2588K, capacity 4490K, committed 4864K, reserved 1056768K
  class space    used 271K, capacity 386K, committed 512K, reserved 1048576K
}
Event: 5.184 GC heap before
{Heap before GC invocations=12 (full 2):
 PSYoungGen      total 168960K, used 168932K [0x00000000ec380000, 0x00000000fd080000, 0x0000000100000000)
  eden space 117248K, 100% used [0x00000000ec380000,0x00000000f3600000,0x00000000f3600000)
  from space 51712K, 99% used [0x00000000f3600000,0x00000000f68792f0,0x00000000f6880000)
  to   space 65024K, 0% used [0x00000000f9100000,0x00000000f9100000,0x00000000fd080000)
 ParOldGen       total 117248K, used 64948K [0x00000000c4a00000, 0x00000000cbc80000, 0x00000000ec380000)
  object space 117248K, 55% used [0x00000000c4a00000,0x00000000c896d0e0,0x00000000cbc80000)
 Metaspace       used 2588K, capacity 4490K, committed 4864K, reserved 1056768K
  class space    used 271K, capacity 386K, committed 512K, reserved 1048576K
Event: 5.458 GC heap after
Heap after GC invocations=12 (full 2):
 PSYoungGen      total 194048K, used 65015K [0x00000000ec380000, 0x00000000ff680000, 0x0000000100000000)
  eden space 129024K, 0% used [0x00000000ec380000,0x00000000ec380000,0x00000000f4180000)
  from space 65024K, 99% used [0x00000000f9100000,0x00000000fd07dc60,0x00000000fd080000)
  to   space 81408K, 0% used [0x00000000f4180000,0x00000000f4180000,0x00000000f9100000)
 ParOldGen       total 117248K, used 79916K [0x00000000c4a00000, 0x00000000cbc80000, 0x00000000ec380000)
  object space 117248K, 68% used [0x00000000c4a00000,0x00000000c980b0e0,0x00000000cbc80000)
 Metaspace       used 2588K, capacity 4490K, committed 4864K, reserved 1056768K
  class space    used 271K, capacity 386K, committed 512K, reserved 1048576K
}
Event: 5.605 GC heap before
{Heap before GC invocations=13 (full 2):
 PSYoungGen      total 194048K, used 194039K [0x00000000ec380000, 0x00000000ff680000, 0x0000000100000000)
  eden space 129024K, 100% used [0x00000000ec380000,0x00000000f4180000,0x00000000f4180000)
  from space 65024K, 99% used [0x00000000f9100000,0x00000000fd07dc60,0x00000000fd080000)
  to   space 81408K, 0% used [0x00000000f4180000,0x00000000f4180000,0x00000000f9100000)
 ParOldGen       total 117248K, used 79916K [0x00000000c4a00000, 0x00000000cbc80000, 0x00000000ec380000)
  object space 117248K, 68% used [0x00000000c4a00000,0x00000000c980b0e0,0x00000000cbc80000)
 Metaspace       used 2588K, capacity 4490K, committed 4864K, reserved 1056768K
  class space    used 271K, capacity 386K, committed 512K, reserved 1048576K
Event: 5.897 GC heap after
Heap after GC invocations=13 (full 2):
 PSYoungGen      total 210432K, used 81399K [0x00000000ec380000, 0x0000000100000000, 0x0000000100000000)
  eden space 129024K, 0% used [0x00000000ec380000,0x00000000ec380000,0x00000000f4180000)
  from space 81408K, 99% used [0x00000000f4180000,0x00000000f90fdc60,0x00000000f9100000)
  to   space 98816K, 0% used [0x00000000f9f80000,0x00000000f9f80000,0x0000000100000000)
 ParOldGen       total 117248K, used 89388K [0x00000000c4a00000, 0x00000000cbc80000, 0x00000000ec380000)
  object space 117248K, 76% used [0x00000000c4a00000,0x00000000ca14b0e0,0x00000000cbc80000)
 Metaspace       used 2588K, capacity 4490K, committed 4864K, reserved 1056768K
  class space    used 271K, capacity 386K, committed 512K, reserved 1048576K
}
Event: 6.036 GC heap before
{Heap before GC invocations=14 (full 2):
 PSYoungGen      total 210432K, used 210423K [0x00000000ec380000, 0x0000000100000000, 0x0000000100000000)
  eden space 129024K, 100% used [0x00000000ec380000,0x00000000f4180000,0x00000000f4180000)
  from space 81408K, 99% used [0x00000000f4180000,0x00000000f90fdc60,0x00000000f9100000)
  to   space 98816K, 0% used [0x00000000f9f80000,0x00000000f9f80000,0x0000000100000000)
 ParOldGen       total 117248K, used 89388K [0x00000000c4a00000, 0x00000000cbc80000, 0x00000000ec380000)
  object space 117248K, 76% used [0x00000000c4a00000,0x00000000ca14b0e0,0x00000000cbc80000)
 Metaspace       used 2588K, capacity 4490K, committed 4864K, reserved 1056768K
  class space    used 271K, capacity 386K, committed 512K, reserved 1048576K
Event: 6.376 GC heap after
Heap after GC invocations=14 (full 2):
 PSYoungGen      total 206848K, used 94946K [0x00000000ec380000, 0x0000000100000000, 0x0000000100000000)
  eden space 108032K, 0% used [0x00000000ec380000,0x00000000ec380000,0x00000000f2d00000)
  from space 98816K, 96% used [0x00000000f9f80000,0x00000000ffc38a88,0x0000000100000000)
  to   space 108032K, 0% used [0x00000000f2d00000,0x00000000f2d00000,0x00000000f9680000)
 ParOldGen       total 117248K, used 108956K [0x00000000c4a00000, 0x00000000cbc80000, 0x00000000ec380000)
  object space 117248K, 92% used [0x00000000c4a00000,0x00000000cb4670e0,0x00000000cbc80000)
 Metaspace       used 2588K, capacity 4490K, committed 4864K, reserved 1056768K
  class space    used 271K, capacity 386K, committed 512K, reserved 1048576K
}
Event: 6.376 GC heap before
{Heap before GC invocations=15 (full 3):
 PSYoungGen      total 206848K, used 94946K [0x00000000ec380000, 0x0000000100000000, 0x0000000100000000)
  eden space 108032K, 0% used [0x00000000ec380000,0x00000000ec380000,0x00000000f2d00000)
  from space 98816K, 96% used [0x00000000f9f80000,0x00000000ffc38a88,0x0000000100000000)
  to   space 108032K, 0% used [0x00000000f2d00000,0x00000000f2d00000,0x00000000f9680000)
 ParOldGen       total 117248K, used 108956K [0x00000000c4a00000, 0x00000000cbc80000, 0x00000000ec380000)
  object space 117248K, 92% used [0x00000000c4a00000,0x00000000cb4670e0,0x00000000cbc80000)
 Metaspace       used 2588K, capacity 4490K, committed 4864K, reserved 1056768K
  class space    used 271K, capacity 386K, committed 512K, reserved 1048576K

